<?xml version="1.0" encoding="UTF-8"?>
<!-- Generated by org.testng.reporters.JUnitXMLReporter -->
<testsuite ignored="0" hostname="Siddharthas-MacBook-Air.local" failures="0" tests="3" name="Login and Cart Tests" time="7.353" errors="0" timestamp="2025-05-01T16:13:39 IST">
  <testcase classname="com.pwj.saucedemo.tests.SauceDemoStandardUserLogin" name="testStandardUserLogin" time="0.123"/>
  <testcase classname="com.pwj.saucedemo.tests.SauceDemoInvalidLoginTest" name="testInvalidLoginShowsErrorMessage" time="0.1"/>
  <testcase classname="com.pwj.saucedemo.tests.AddToCartTest" name="testAddFirstProductToCart" time="0.178"/>
</testsuite> <!-- Login and Cart Tests -->
