<?xml version="1.0" encoding="UTF-8"?>
<testng-results ignored="0" total="1" passed="1" failed="0" skipped="0">
  <reporter-output>
  </reporter-output>
  <suite started-at="2025-05-01T02:14:49 IST" name="Surefire suite" finished-at="2025-05-01T02:14:52 IST" duration-ms="3700">
    <groups>
    </groups>
    <test started-at="2025-05-01T02:14:49 IST" name="Surefire test" finished-at="2025-05-01T02:14:52 IST" duration-ms="3700">
      <class name="com.pwj.saucedemo.tests.SauceDemoInvalidLoginTest">
        <test-method is-config="true" signature="setUp()[pri:0, instance:com.pwj.saucedemo.tests.SauceDemoInvalidLoginTest@15761df8]" started-at="2025-05-01T02:14:49 IST" name="setUp" finished-at="2025-05-01T02:14:52 IST" duration-ms="3464" status="PASS">
          <reporter-output>
          </reporter-output>
        </test-method> <!-- setUp -->
        <test-method signature="testInvalidLoginShowsErrorMessage()[pri:0, instance:com.pwj.saucedemo.tests.SauceDemoInvalidLoginTest@15761df8]" started-at="2025-05-01T02:14:52 IST" name="testInvalidLoginShowsErrorMessage" finished-at="2025-05-01T02:14:52 IST" duration-ms="99" status="PASS">
          <reporter-output>
          </reporter-output>
        </test-method> <!-- testInvalidLoginShowsErrorMessage -->
        <test-method is-config="true" signature="tearDown()[pri:0, instance:com.pwj.saucedemo.tests.SauceDemoInvalidLoginTest@15761df8]" started-at="2025-05-01T02:14:52 IST" name="tearDown" finished-at="2025-05-01T02:14:52 IST" duration-ms="122" status="PASS">
          <reporter-output>
          </reporter-output>
        </test-method> <!-- tearDown -->
      </class> <!-- com.pwj.saucedemo.tests.SauceDemoInvalidLoginTest -->
    </test> <!-- Surefire test -->
  </suite> <!-- Surefire suite -->
</testng-results>
