<?xml version="1.0" encoding="UTF-8"?>
<testng-results ignored="0" total="8" passed="8" failed="0" skipped="0">
  <reporter-output>
  </reporter-output>
  <suite started-at="2025-05-01T21:45:07 IST" name="SauceDemo Test Suite" finished-at="2025-05-01T21:45:35 IST" duration-ms="28040">
    <groups>
    </groups>
    <test started-at="2025-05-01T21:45:07 IST" name="Login and Cart Tests" finished-at="2025-05-01T21:45:35 IST" duration-ms="28040">
      <class name="com.pwj.saucedemo.tests.AddToCartTest">
        <test-method is-config="true" signature="setUp(java.lang.reflect.Method)[pri:0, instance:com.pwj.saucedemo.tests.AddToCartTest@40a4337a]" started-at="2025-05-01T21:45:16 IST" name="setUp" finished-at="2025-05-01T21:45:18 IST" duration-ms="2109" status="PASS">
          <params>
            <param index="0">
              <value>
                <![CDATA[public void com.pwj.saucedemo.tests.AddToCartTest.testAddFirstProductToCart()]]>
              </value>
            </param>
          </params>
          <reporter-output>
          </reporter-output>
        </test-method> <!-- setUp -->
        <test-method signature="testAddFirstProductToCart()[pri:0, instance:com.pwj.saucedemo.tests.AddToCartTest@40a4337a]" started-at="2025-05-01T21:45:18 IST" name="testAddFirstProductToCart" finished-at="2025-05-01T21:45:18 IST" duration-ms="172" status="PASS">
          <reporter-output>
          </reporter-output>
        </test-method> <!-- testAddFirstProductToCart -->
        <test-method is-config="true" signature="tearDown(org.testng.ITestResult)[pri:0, instance:com.pwj.saucedemo.tests.AddToCartTest@40a4337a]" started-at="2025-05-01T21:45:18 IST" name="tearDown" finished-at="2025-05-01T21:45:18 IST" duration-ms="173" status="PASS">
          <params>
            <param index="0">
              <value>
                <![CDATA[[TestResult name=testAddFirstProductToCart status=SUCCESS method=AddToCartTest.testAddFirstProductToCart()[pri:0, instance:com.pwj.saucedemo.tests.AddToCartTest@40a4337a] output={null}]]]>
              </value>
            </param>
          </params>
          <reporter-output>
          </reporter-output>
        </test-method> <!-- tearDown -->
      </class> <!-- com.pwj.saucedemo.tests.AddToCartTest -->
      <class name="com.pwj.saucedemo.tests.LoginScenariosDifferentUsers">
        <test-method is-config="true" signature="setUp(java.lang.reflect.Method)[pri:0, instance:com.pwj.saucedemo.tests.LoginScenariosDifferentUsers@6025e1b6]" started-at="2025-05-01T21:45:18 IST" name="setUp" finished-at="2025-05-01T21:45:20 IST" duration-ms="1643" status="PASS">
          <params>
            <param index="0">
              <value>
                <![CDATA[public void com.pwj.saucedemo.tests.LoginScenariosDifferentUsers.testStandardUserLogin()]]>
              </value>
            </param>
          </params>
          <reporter-output>
          </reporter-output>
        </test-method> <!-- setUp -->
        <test-method signature="testStandardUserLogin()[pri:0, instance:com.pwj.saucedemo.tests.LoginScenariosDifferentUsers@6025e1b6]" started-at="2025-05-01T21:45:20 IST" name="testStandardUserLogin" description="Valid login with standard_user" finished-at="2025-05-01T21:45:20 IST" duration-ms="89" status="PASS">
          <reporter-output>
          </reporter-output>
        </test-method> <!-- testStandardUserLogin -->
        <test-method is-config="true" signature="tearDown(org.testng.ITestResult)[pri:0, instance:com.pwj.saucedemo.tests.LoginScenariosDifferentUsers@6025e1b6]" started-at="2025-05-01T21:45:20 IST" name="tearDown" finished-at="2025-05-01T21:45:20 IST" duration-ms="180" status="PASS">
          <params>
            <param index="0">
              <value>
                <![CDATA[[TestResult name=testStandardUserLogin status=SUCCESS method=LoginScenariosDifferentUsers.testStandardUserLogin()[pri:0, instance:com.pwj.saucedemo.tests.LoginScenariosDifferentUsers@6025e1b6] output={null}]]]>
              </value>
            </param>
          </params>
          <reporter-output>
          </reporter-output>
        </test-method> <!-- tearDown -->
        <test-method is-config="true" signature="setUp(java.lang.reflect.Method)[pri:0, instance:com.pwj.saucedemo.tests.LoginScenariosDifferentUsers@6025e1b6]" started-at="2025-05-01T21:45:20 IST" name="setUp" finished-at="2025-05-01T21:45:21 IST" duration-ms="1564" status="PASS">
          <params>
            <param index="0">
              <value>
                <![CDATA[public void com.pwj.saucedemo.tests.LoginScenariosDifferentUsers.testLockedOutUserLogin()]]>
              </value>
            </param>
          </params>
          <reporter-output>
          </reporter-output>
        </test-method> <!-- setUp -->
        <test-method signature="testLockedOutUserLogin()[pri:0, instance:com.pwj.saucedemo.tests.LoginScenariosDifferentUsers@6025e1b6]" started-at="2025-05-01T21:45:21 IST" name="testLockedOutUserLogin" description="Locked out user should see error" finished-at="2025-05-01T21:45:22 IST" duration-ms="95" status="PASS">
          <reporter-output>
          </reporter-output>
        </test-method> <!-- testLockedOutUserLogin -->
        <test-method is-config="true" signature="tearDown(org.testng.ITestResult)[pri:0, instance:com.pwj.saucedemo.tests.LoginScenariosDifferentUsers@6025e1b6]" started-at="2025-05-01T21:45:22 IST" name="tearDown" finished-at="2025-05-01T21:45:22 IST" duration-ms="165" status="PASS">
          <params>
            <param index="0">
              <value>
                <![CDATA[[TestResult name=testLockedOutUserLogin status=SUCCESS method=LoginScenariosDifferentUsers.testLockedOutUserLogin()[pri:0, instance:com.pwj.saucedemo.tests.LoginScenariosDifferentUsers@6025e1b6] output={null}]]]>
              </value>
            </param>
          </params>
          <reporter-output>
          </reporter-output>
        </test-method> <!-- tearDown -->
        <test-method is-config="true" signature="setUp(java.lang.reflect.Method)[pri:0, instance:com.pwj.saucedemo.tests.LoginScenariosDifferentUsers@6025e1b6]" started-at="2025-05-01T21:45:22 IST" name="setUp" finished-at="2025-05-01T21:45:24 IST" duration-ms="1838" status="PASS">
          <params>
            <param index="0">
              <value>
                <![CDATA[public void com.pwj.saucedemo.tests.LoginScenariosDifferentUsers.testProblemUserLogin()]]>
              </value>
            </param>
          </params>
          <reporter-output>
          </reporter-output>
        </test-method> <!-- setUp -->
        <test-method signature="testProblemUserLogin()[pri:0, instance:com.pwj.saucedemo.tests.LoginScenariosDifferentUsers@6025e1b6]" started-at="2025-05-01T21:45:24 IST" name="testProblemUserLogin" description="Problem user login — expected to succeed but may show broken UI later" finished-at="2025-05-01T21:45:24 IST" duration-ms="102" status="PASS">
          <reporter-output>
          </reporter-output>
        </test-method> <!-- testProblemUserLogin -->
        <test-method is-config="true" signature="tearDown(org.testng.ITestResult)[pri:0, instance:com.pwj.saucedemo.tests.LoginScenariosDifferentUsers@6025e1b6]" started-at="2025-05-01T21:45:24 IST" name="tearDown" finished-at="2025-05-01T21:45:24 IST" duration-ms="158" status="PASS">
          <params>
            <param index="0">
              <value>
                <![CDATA[[TestResult name=testProblemUserLogin status=SUCCESS method=LoginScenariosDifferentUsers.testProblemUserLogin()[pri:0, instance:com.pwj.saucedemo.tests.LoginScenariosDifferentUsers@6025e1b6] output={null}]]]>
              </value>
            </param>
          </params>
          <reporter-output>
          </reporter-output>
        </test-method> <!-- tearDown -->
        <test-method is-config="true" signature="setUp(java.lang.reflect.Method)[pri:0, instance:com.pwj.saucedemo.tests.LoginScenariosDifferentUsers@6025e1b6]" started-at="2025-05-01T21:45:24 IST" name="setUp" finished-at="2025-05-01T21:45:26 IST" duration-ms="1883" status="PASS">
          <params>
            <param index="0">
              <value>
                <![CDATA[public void com.pwj.saucedemo.tests.LoginScenariosDifferentUsers.testPerformanceGlitchUserLogin()]]>
              </value>
            </param>
          </params>
          <reporter-output>
          </reporter-output>
        </test-method> <!-- setUp -->
        <test-method signature="testPerformanceGlitchUserLogin()[pri:0, instance:com.pwj.saucedemo.tests.LoginScenariosDifferentUsers@6025e1b6]" started-at="2025-05-01T21:45:26 IST" name="testPerformanceGlitchUserLogin" description="Performance glitch user may require second click to login" finished-at="2025-05-01T21:45:32 IST" duration-ms="6590" status="PASS">
          <reporter-output>
          </reporter-output>
        </test-method> <!-- testPerformanceGlitchUserLogin -->
        <test-method is-config="true" signature="tearDown(org.testng.ITestResult)[pri:0, instance:com.pwj.saucedemo.tests.LoginScenariosDifferentUsers@6025e1b6]" started-at="2025-05-01T21:45:32 IST" name="tearDown" finished-at="2025-05-01T21:45:33 IST" duration-ms="219" status="PASS">
          <params>
            <param index="0">
              <value>
                <![CDATA[[TestResult name=testPerformanceGlitchUserLogin status=SUCCESS method=LoginScenariosDifferentUsers.testPerformanceGlitchUserLogin()[pri:0, instance:com.pwj.saucedemo.tests.LoginScenariosDifferentUsers@6025e1b6] output={null}]]]>
              </value>
            </param>
          </params>
          <reporter-output>
          </reporter-output>
        </test-method> <!-- tearDown -->
        <test-method is-config="true" signature="setUp(java.lang.reflect.Method)[pri:0, instance:com.pwj.saucedemo.tests.LoginScenariosDifferentUsers@6025e1b6]" started-at="2025-05-01T21:45:33 IST" name="setUp" finished-at="2025-05-01T21:45:34 IST" duration-ms="1942" status="PASS">
          <params>
            <param index="0">
              <value>
                <![CDATA[public void com.pwj.saucedemo.tests.LoginScenariosDifferentUsers.testInvalidUserLogin()]]>
              </value>
            </param>
          </params>
          <reporter-output>
          </reporter-output>
        </test-method> <!-- setUp -->
        <test-method signature="testInvalidUserLogin()[pri:0, instance:com.pwj.saucedemo.tests.LoginScenariosDifferentUsers@6025e1b6]" started-at="2025-05-01T21:45:34 IST" name="testInvalidUserLogin" description="Invalid user login should display error" finished-at="2025-05-01T21:45:35 IST" duration-ms="92" status="PASS">
          <reporter-output>
          </reporter-output>
        </test-method> <!-- testInvalidUserLogin -->
        <test-method is-config="true" signature="tearDown(org.testng.ITestResult)[pri:0, instance:com.pwj.saucedemo.tests.LoginScenariosDifferentUsers@6025e1b6]" started-at="2025-05-01T21:45:35 IST" name="tearDown" finished-at="2025-05-01T21:45:35 IST" duration-ms="166" status="PASS">
          <params>
            <param index="0">
              <value>
                <![CDATA[[TestResult name=testInvalidUserLogin status=SUCCESS method=LoginScenariosDifferentUsers.testInvalidUserLogin()[pri:0, instance:com.pwj.saucedemo.tests.LoginScenariosDifferentUsers@6025e1b6] output={null}]]]>
              </value>
            </param>
          </params>
          <reporter-output>
          </reporter-output>
        </test-method> <!-- tearDown -->
      </class> <!-- com.pwj.saucedemo.tests.LoginScenariosDifferentUsers -->
      <class name="com.pwj.saucedemo.tests.SauceDemoInvalidLoginTest">
        <test-method is-config="true" signature="setUp(java.lang.reflect.Method)[pri:0, instance:com.pwj.saucedemo.tests.SauceDemoInvalidLoginTest@6a6cb05c]" started-at="2025-05-01T21:45:13 IST" name="setUp" finished-at="2025-05-01T21:45:15 IST" duration-ms="2211" status="PASS">
          <params>
            <param index="0">
              <value>
                <![CDATA[public void com.pwj.saucedemo.tests.SauceDemoInvalidLoginTest.testInvalidLoginShowsErrorMessage()]]>
              </value>
            </param>
          </params>
          <reporter-output>
          </reporter-output>
        </test-method> <!-- setUp -->
        <test-method signature="testInvalidLoginShowsErrorMessage()[pri:0, instance:com.pwj.saucedemo.tests.SauceDemoInvalidLoginTest@6a6cb05c]" started-at="2025-05-01T21:45:15 IST" name="testInvalidLoginShowsErrorMessage" finished-at="2025-05-01T21:45:15 IST" duration-ms="94" status="PASS">
          <reporter-output>
          </reporter-output>
        </test-method> <!-- testInvalidLoginShowsErrorMessage -->
        <test-method is-config="true" signature="tearDown(org.testng.ITestResult)[pri:0, instance:com.pwj.saucedemo.tests.SauceDemoInvalidLoginTest@6a6cb05c]" started-at="2025-05-01T21:45:15 IST" name="tearDown" finished-at="2025-05-01T21:45:16 IST" duration-ms="162" status="PASS">
          <params>
            <param index="0">
              <value>
                <![CDATA[[TestResult name=testInvalidLoginShowsErrorMessage status=SUCCESS method=SauceDemoInvalidLoginTest.testInvalidLoginShowsErrorMessage()[pri:0, instance:com.pwj.saucedemo.tests.SauceDemoInvalidLoginTest@6a6cb05c] output={null}]]]>
              </value>
            </param>
          </params>
          <reporter-output>
          </reporter-output>
        </test-method> <!-- tearDown -->
      </class> <!-- com.pwj.saucedemo.tests.SauceDemoInvalidLoginTest -->
      <class name="com.pwj.saucedemo.tests.SauceDemoStandardUserLogin">
        <test-method is-config="true" signature="setUp(java.lang.reflect.Method)[pri:0, instance:com.pwj.saucedemo.tests.SauceDemoStandardUserLogin@7b2bbc3]" started-at="2025-05-01T21:45:07 IST" name="setUp" finished-at="2025-05-01T21:45:13 IST" duration-ms="5938" status="PASS">
          <params>
            <param index="0">
              <value>
                <![CDATA[public void com.pwj.saucedemo.tests.SauceDemoStandardUserLogin.testStandardUserLogin()]]>
              </value>
            </param>
          </params>
          <reporter-output>
          </reporter-output>
        </test-method> <!-- setUp -->
        <test-method signature="testStandardUserLogin()[pri:0, instance:com.pwj.saucedemo.tests.SauceDemoStandardUserLogin@7b2bbc3]" started-at="2025-05-01T21:45:13 IST" name="testStandardUserLogin" finished-at="2025-05-01T21:45:13 IST" duration-ms="119" status="PASS">
          <reporter-output>
          </reporter-output>
        </test-method> <!-- testStandardUserLogin -->
        <test-method is-config="true" signature="tearDown(org.testng.ITestResult)[pri:0, instance:com.pwj.saucedemo.tests.SauceDemoStandardUserLogin@7b2bbc3]" started-at="2025-05-01T21:45:13 IST" name="tearDown" finished-at="2025-05-01T21:45:13 IST" duration-ms="298" status="PASS">
          <params>
            <param index="0">
              <value>
                <![CDATA[[TestResult name=testStandardUserLogin status=SUCCESS method=SauceDemoStandardUserLogin.testStandardUserLogin()[pri:0, instance:com.pwj.saucedemo.tests.SauceDemoStandardUserLogin@7b2bbc3] output={null}]]]>
              </value>
            </param>
          </params>
          <reporter-output>
          </reporter-output>
        </test-method> <!-- tearDown -->
      </class> <!-- com.pwj.saucedemo.tests.SauceDemoStandardUserLogin -->
    </test> <!-- Login and Cart Tests -->
  </suite> <!-- SauceDemo Test Suite -->
</testng-results>
