<?xml version="1.0" encoding="UTF-8"?>
<testng-results ignored="0" total="2" passed="2" failed="0" skipped="0">
  <reporter-output>
  </reporter-output>
  <suite started-at="2025-05-01T02:25:06 IST" name="SauceDemo Test Suite" finished-at="2025-05-01T02:25:12 IST" duration-ms="6290">
    <groups>
    </groups>
    <test started-at="2025-05-01T02:25:06 IST" name="Login Tests" finished-at="2025-05-01T02:25:12 IST" duration-ms="6290">
      <class name="com.pwj.saucedemo.tests.SauceDemoInvalidLoginTest">
        <test-method is-config="true" signature="setUp()[pri:0, instance:com.pwj.saucedemo.tests.SauceDemoInvalidLoginTest@175c2241]" started-at="2025-05-01T02:25:09 IST" name="setUp" finished-at="2025-05-01T02:25:12 IST" duration-ms="3094" status="PASS">
          <reporter-output>
          </reporter-output>
        </test-method> <!-- setUp -->
        <test-method signature="testInvalidLoginShowsErrorMessage()[pri:0, instance:com.pwj.saucedemo.tests.SauceDemoInvalidLoginTest@175c2241]" started-at="2025-05-01T02:25:12 IST" name="testInvalidLoginShowsErrorMessage" finished-at="2025-05-01T02:25:12 IST" duration-ms="114" status="PASS">
          <reporter-output>
          </reporter-output>
        </test-method> <!-- testInvalidLoginShowsErrorMessage -->
        <test-method is-config="true" signature="tearDown()[pri:0, instance:com.pwj.saucedemo.tests.SauceDemoInvalidLoginTest@175c2241]" started-at="2025-05-01T02:25:12 IST" name="tearDown" finished-at="2025-05-01T02:25:12 IST" duration-ms="111" status="PASS">
          <reporter-output>
          </reporter-output>
        </test-method> <!-- tearDown -->
      </class> <!-- com.pwj.saucedemo.tests.SauceDemoInvalidLoginTest -->
      <class name="com.pwj.saucedemo.tests.SauceDemoStandardUserLogin">
        <test-method is-config="true" signature="setUp()[pri:0, instance:com.pwj.saucedemo.tests.SauceDemoStandardUserLogin@799f10e1]" started-at="2025-05-01T02:25:06 IST" name="setUp" finished-at="2025-05-01T02:25:08 IST" duration-ms="2708" status="PASS">
          <reporter-output>
          </reporter-output>
        </test-method> <!-- setUp -->
        <test-method signature="testStandardUserLogin()[pri:0, instance:com.pwj.saucedemo.tests.SauceDemoStandardUserLogin@799f10e1]" started-at="2025-05-01T02:25:08 IST" name="testStandardUserLogin" finished-at="2025-05-01T02:25:09 IST" duration-ms="133" status="PASS">
          <reporter-output>
          </reporter-output>
        </test-method> <!-- testStandardUserLogin -->
        <test-method is-config="true" signature="tearDown()[pri:0, instance:com.pwj.saucedemo.tests.SauceDemoStandardUserLogin@799f10e1]" started-at="2025-05-01T02:25:09 IST" name="tearDown" finished-at="2025-05-01T02:25:09 IST" duration-ms="113" status="PASS">
          <reporter-output>
          </reporter-output>
        </test-method> <!-- tearDown -->
      </class> <!-- com.pwj.saucedemo.tests.SauceDemoStandardUserLogin -->
    </test> <!-- Login Tests -->
  </suite> <!-- SauceDemo Test Suite -->
</testng-results>
